{"level":"info","message":"Carregando dados da API com sucesso"}
{"level":"info","message":"Carregando dados da API com sucesso"}
{"level":"info","message":"Carregando dados da API com sucesso"}
{"level":"info","message":"Carregando dados da API com sucesso"}
{"level":"info","message":"Carregando dados da API com sucesso"}
{"level":"info","message":"Carregando dados da API com sucesso"}
{"level":"info","message":"Carregando dados da API com sucesso"}
{"level":"info","message":"Carregando dados da API com sucesso"}
{"level":"info","message":"Carregando dados da API com sucesso"}
{"level":"info","message":"Carregando dados da API com sucesso"}
{"level":"info","message":"Carregando dados da API com sucesso"}
{"level":"info","message":"Carregando dados da API com sucesso"}
{"level":"info","message":"Carregando dados da API com sucesso"}
{"level":"info","message":"Carregando dados da API com sucesso"}
{"level":"info","message":"Carregando dados da API com sucesso"}
{"level":"info","message":"Carregando dados da API com sucesso"}
{"level":"info","message":"Carregando dados da API com sucesso"}
{"level":"info","message":"Carregando dados da API com sucesso"}
{"level":"info","message":"Carregando dados da API com sucesso"}
{"level":"info","message":"Carregando dados da API com sucesso"}
{"level":"info","message":"Carregando dados da API com sucesso"}
{"level":"info","message":"Carregando dados da API com sucesso"}
{"level":"info","message":"Carregando dados da API com sucesso"}
{"level":"info","message":"Carregando dados da API com sucesso"}
{"level":"info","message":"Carregando dados da API com sucesso"}
{"level":"info","message":"Carregando dados da API com sucesso"}
{"level":"info","message":"Carregando dados da API com sucesso"}
{"level":"info","message":"Carregando dados da API com sucesso"}
{"level":"info","message":"Carregando dados da API com sucesso"}
{"level":"info","message":"Carregando dados da API com sucesso"}
{"level":"info","message":"Carregando dados da API com sucesso"}
{"level":"info","message":"Carregando dados da API com sucesso"}
{"level":"info","message":"Carregando dados da API com sucesso"}
{"level":"info","message":"Carregando dados da API com sucesso"}
{"level":"info","message":"Carregando dados da API com sucesso"}
{"level":"info","message":"Carregando dados da API com sucesso"}
{"level":"info","message":"Carregando dados da API com sucesso"}
{"level":"info","message":"Carregando dados da API com sucesso"}
{"level":"info","message":"Carregando dados da API com sucesso"}
{"level":"info","message":"Carregando dados da API com sucesso"}
{"level":"info","message":"Carregando dados da API com sucesso"}
{"level":"info","message":"Carregando dados da API com sucesso"}
{"level":"info","message":"Carregando dados da API com sucesso"}
{"level":"info","message":"Carregando dados da API com sucesso"}
{"level":"info","message":"Carregando dados da API com sucesso"}
{"level":"info","message":"Carregando dados da API com sucesso"}
{"level":"info","message":"Carregando dados da API com sucesso"}
{"level":"info","message":"Carregando dados da API com sucesso"}
{"level":"info","message":"Carregando dados da API com sucesso"}
{"level":"info","message":"Carregando dados da API com sucesso"}
{"level":"info","message":"Carregando dados da API com sucesso"}
{"level":"info","message":"Carregando dados da API com sucesso"}
{"level":"info","message":"Carregando dados da API com sucesso"}
{"level":"info","message":"Carregando dados da API com sucesso"}
{"level":"info","message":"Carregando dados da API com sucesso"}
{"level":"info","message":"Carregando dados da API com sucesso"}
{"level":"info","message":"Carregando dados da API com sucesso"}
{"level":"info","message":"Carregando dados da API com sucesso"}
{"level":"info","message":"Carregando dados da API com sucesso"}
{"level":"info","message":"Carregando dados da API com sucesso"}
{"level":"info","message":"Carregando dados da API com sucesso"}
{"level":"info","message":"Carregando dados da API com sucesso"}
{"level":"info","message":"Carregando dados da API com sucesso"}
{"level":"info","message":"Carregando dados da API com sucesso"}
{"level":"info","message":"Carregando dados da API com sucesso"}
{"level":"info","message":"Carregando dados da API com sucesso"}
{"level":"info","message":"Carregando dados da API com sucesso"}
{"level":"info","message":"Carregando dados da API com sucesso"}
{"level":"info","message":"Carregando dados da API com sucesso"}
{"level":"info","message":"Carregando dados da API com sucesso"}
{"level":"info","message":"Carregando dados da API com sucesso"}
{"level":"info","message":"Carregando dados da API com sucesso"}
{"level":"info","message":"Carregando dados da API com sucesso"}
{"level":"info","message":"Carregando dados da API com sucesso"}
{"level":"info","message":"Carregando dados da API com sucesso"}
{"level":"info","message":"Carregando dados da API com sucesso"}
{"level":"info","message":"Carregando dados da API com sucesso"}
{"level":"info","message":"Carregando dados da API com sucesso"}
{"level":"info","message":"Carregando dados da API com sucesso"}
{"level":"info","message":"Carregando dados da API com sucesso"}
{"level":"info","message":"Carregando dados da API com sucesso"}
{"level":"info","message":"Carregando dados da API com sucesso"}
{"level":"info","message":"Carregando dados da API com sucesso"}
{"level":"info","message":"Carregando dados da API com sucesso"}
{"level":"info","message":"Carregando dados da API com sucesso"}
{"level":"info","message":"Carregando dados da API com sucesso"}
{"level":"info","message":"Carregando dados da API com sucesso"}
{"level":"info","message":"Carregando dados da API com sucesso"}
{"level":"info","message":"Carregando dados da API com sucesso"}
{"level":"info","message":"Carregando dados da API com sucesso"}
{"level":"info","message":"Carregando dados da API com sucesso"}
{"level":"info","message":"Carregando dados da API com sucesso"}
{"level":"info","message":"Carregando dados da API com sucesso"}
{"level":"info","message":"Carregando dados da API com sucesso"}
{"level":"info","message":"Carregando dados da API com sucesso"}
{"level":"info","message":"Carregando dados da API com sucesso"}
{"level":"info","message":"Carregando dados da API com sucesso"}
{"level":"info","message":"Carregando dados da API com sucesso"}
{"level":"info","message":"Carregando dados da API com sucesso"}
{"level":"info","message":"Carregando dados da API com sucesso"}
{"level":"info","message":"Carregando dados da API com sucesso"}
{"level":"info","message":"Carregando dados da API com sucesso"}
{"level":"info","message":"Carregando dados da API com sucesso"}
{"level":"info","message":"Carregando dados da API com sucesso"}
{"level":"info","message":"Carregando dados da API com sucesso"}
{"level":"info","message":"Carregando dados da API com sucesso"}
{"level":"info","message":"Carregando dados da API com sucesso"}
{"level":"info","message":"Carregando dados da API com sucesso"}
{"level":"info","message":"Carregando dados da API com sucesso"}
{"level":"info","message":"Carregando dados da API com sucesso"}
{"level":"info","message":"Carregando dados da API com sucesso"}
{"level":"info","message":"Carregando dados da API com sucesso"}
{"level":"info","message":"Carregando dados da API com sucesso"}
{"level":"info","message":"Carregando dados da API com sucesso"}
{"level":"info","message":"Carregando dados da API com sucesso"}
{"level":"info","message":"Carregando dados da API com sucesso"}
{"level":"info","message":"Carregando dados da API com sucesso"}
{"level":"info","message":"Carregando dados da API com sucesso"}
{"level":"info","message":"Carregando dados da API com sucesso"}
{"level":"info","message":"Carregando dados da API com sucesso"}
{"level":"info","message":"Carregando dados da API com sucesso"}
{"level":"info","message":"Carregando dados da API com sucesso"}
{"level":"info","message":"Carregando dados da API com sucesso"}
{"level":"info","message":"Carregando dados da API com sucesso"}
{"level":"info","message":"Carregando dados da API com sucesso"}
{"level":"info","message":"Carregando dados da API com sucesso"}
{"level":"info","message":"Carregando dados da API com sucesso"}
{"level":"info","message":"Carregando dados da API com sucesso"}
{"level":"info","message":"Carregando dados da API com sucesso"}
{"level":"info","message":"Carregando dados da API com sucesso"}
{"level":"info","message":"Carregando dados da API com sucesso"}
{"level":"info","message":"Carregando dados da API com sucesso"}
{"level":"info","message":"Carregando dados da API com sucesso"}
{"level":"info","message":"Carregando dados da API com sucesso"}
{"level":"info","message":"Carregando dados da API com sucesso"}
{"level":"info","message":"Carregando dados da API com sucesso"}
{"level":"info","message":"Carregando dados da API com sucesso"}
{"level":"info","message":"Carregando dados da API com sucesso"}
{"level":"info","message":"Carregando dados da API com sucesso"}
{"level":"info","message":"Carregando dados da API com sucesso"}
{"level":"info","message":"Carregando dados da API com sucesso"}
{"level":"info","message":"Carregando dados da API com sucesso"}
{"level":"info","message":"Carregando dados da API com sucesso"}
{"level":"info","message":"Carregando dados da API com sucesso"}
{"level":"info","message":"Carregando dados da API com sucesso"}
{"level":"info","message":"Carregando dados da API com sucesso"}
{"level":"info","message":"Carregando dados da API com sucesso"}
{"level":"info","message":"Carregando dados da API com sucesso"}
{"level":"info","message":"Carregando dados da API com sucesso"}
{"level":"info","message":"Carregando dados da API com sucesso"}
{"level":"info","message":"Carregando dados da API com sucesso"}
{"level":"info","message":"Carregando dados da API com sucesso"}
{"level":"info","message":"Carregando dados da API com sucesso"}
{"level":"info","message":"Carregando dados da API com sucesso"}
{"level":"info","message":"Carregando dados da API com sucesso"}
{"level":"info","message":"Carregando dados da API com sucesso"}
{"level":"info","message":"Carregando dados da API com sucesso"}
{"level":"info","message":"Carregando dados da API com sucesso"}
{"level":"info","message":"Carregando dados da API com sucesso"}
{"level":"info","message":"Carregando dados da API com sucesso"}
{"level":"info","message":"Carregando dados da API com sucesso"}
{"level":"info","message":"Carregando dados da API com sucesso"}
{"level":"info","message":"Carregando dados da API com sucesso"}
{"level":"info","message":"Carregando dados da API com sucesso"}
{"level":"info","message":"Carregando dados da API com sucesso"}
{"level":"info","message":"Carregando dados da API com sucesso"}
{"level":"info","message":"Carregando dados da API com sucesso"}
{"level":"info","message":"Carregando dados da API com sucesso"}
{"level":"info","message":"Carregando dados da API com sucesso"}
{"level":"info","message":"Carregando dados da API com sucesso"}
{"level":"info","message":"Carregando dados da API com sucesso"}
{"level":"info","message":"Carregando dados da API com sucesso"}
{"level":"info","message":"Carregando dados da API com sucesso"}
{"level":"info","message":"Carregando dados da API com sucesso"}
{"level":"info","message":"Carregando dados da API com sucesso"}
{"level":"info","message":"Carregando dados da API com sucesso"}
{"level":"info","message":"Carregando dados da API com sucesso"}
{"level":"info","message":"Carregando dados da API com sucesso"}
{"level":"info","message":"Carregando dados da API com sucesso"}
{"level":"info","message":"Carregando dados da API com sucesso"}
{"level":"info","message":"Carregando dados da API com sucesso"}
{"level":"info","message":"Carregando dados da API com sucesso"}
{"level":"info","message":"Carregando dados da API com sucesso"}
{"level":"info","message":"Carregando dados da API com sucesso"}
{"level":"info","message":"Carregando dados da API com sucesso"}
{"level":"info","message":"Carregando dados da API com sucesso"}
{"level":"info","message":"Carregando dados da API com sucesso"}
{"level":"info","message":"Carregando dados da API com sucesso"}
{"level":"info","message":"Carregando dados da API com sucesso"}
{"level":"info","message":"Carregando dados da API com sucesso"}
{"level":"info","message":"Carregando dados da API com sucesso"}
{"level":"info","message":"Carregando dados da API com sucesso"}
{"level":"info","message":"Carregando dados da API com sucesso"}
{"level":"info","message":"Carregando dados da API com sucesso"}
{"level":"info","message":"Carregando dados da API com sucesso"}
{"level":"info","message":"Carregando dados da API com sucesso"}
{"level":"info","message":"Carregando dados da API com sucesso"}
{"level":"info","message":"Carregando dados da API com sucesso"}
{"level":"info","message":"Carregando dados da API com sucesso"}
{"level":"info","message":"Carregando dados da API com sucesso"}
{"level":"info","message":"Carregando dados da API com sucesso"}
{"level":"info","message":"Carregando dados da API com sucesso"}
{"level":"info","message":"Carregando dados da API com sucesso"}
{"level":"info","message":"Carregando dados da API com sucesso"}
{"level":"info","message":"Carregando dados da API com sucesso"}
{"level":"info","message":"Carregando dados da API com sucesso"}
{"level":"info","message":"Carregando dados da API com sucesso"}
{"level":"info","message":"Carregando dados da API com sucesso"}
{"level":"info","message":"Carregando dados da API com sucesso"}
{"level":"info","message":"Carregando dados da API com sucesso"}
{"level":"info","message":"Carregando dados da API com sucesso"}
{"level":"info","message":"Carregando dados da API com sucesso"}
{"level":"info","message":"Carregando dados da API com sucesso"}
{"level":"info","message":"Carregando dados da API com sucesso"}
{"level":"info","message":"Carregando dados da API com sucesso"}
{"level":"info","message":"Carregando dados da API com sucesso"}
{"level":"info","message":"Carregando dados da API com sucesso"}
{"level":"info","message":"Carregando dados da API com sucesso"}
{"level":"info","message":"Carregando dados da API com sucesso"}
{"level":"info","message":"Carregando dados da API com sucesso"}
{"level":"info","message":"Carregando dados da API com sucesso"}
{"level":"info","message":"Carregando dados da API com sucesso"}
{"level":"info","message":"Carregando dados da API com sucesso"}
{"level":"info","message":"Carregando dados da API com sucesso"}
{"level":"info","message":"Carregando dados da API com sucesso"}
{"level":"info","message":"Carregando dados da API com sucesso"}
{"level":"info","message":"Carregando dados da API com sucesso"}
{"level":"info","message":"Carregando dados da API com sucesso"}
{"level":"info","message":"Carregando dados da API com sucesso"}
{"level":"info","message":"Carregando dados da API com sucesso"}
{"level":"info","message":"Carregando dados da API com sucesso"}
{"level":"info","message":"Carregando dados da API com sucesso"}
{"level":"info","message":"Carregando dados da API com sucesso"}
{"level":"info","message":"Carregando dados da API com sucesso"}
{"level":"info","message":"Carregando dados da API com sucesso"}
{"level":"info","message":"Carregando dados da API com sucesso"}
{"level":"info","message":"Carregando dados da API com sucesso"}
{"level":"info","message":"Carregando dados da API com sucesso"}
{"level":"info","message":"Carregando dados da API com sucesso"}
{"level":"info","message":"Carregando dados da API com sucesso"}
{"level":"info","message":"Carregando dados da API com sucesso"}
{"level":"info","message":"Carregando dados da API com sucesso"}
{"level":"info","message":"Carregando dados da API com sucesso"}
{"level":"info","message":"Carregando dados da API com sucesso"}
{"level":"info","message":"Carregando dados da API com sucesso"}
{"level":"info","message":"Carregando dados da API com sucesso"}
{"level":"info","message":"Carregando dados da API com sucesso"}
{"error":{"clientVersion":"5.16.1","name":"PrismaClientInitializationError"},"level":"error","message":" failed to get publicacao"}
{"error":{},"level":"error","message":" failed to get publicacao"}
{"error":{},"level":"error","message":" failed to get publicacao"}
{"error":{},"level":"error","message":" failed to get publicacao"}
{"error":{},"level":"error","message":" failed to get publicacao"}
{"error":{},"level":"error","message":"erro na pagina poster em pegar a publicacao"}
{"error":{},"level":"error","message":"erro na pagina poster em pegar a publicacao"}
{"error":{},"level":"error","message":"erro na pagina poster em pegar a publicacao"}
{"error":{},"level":"error","message":" failed to get publicacao"}
{"error":{},"level":"error","message":" failed to get publicacao"}
{"error":{},"level":"error","message":" failed to get publicacao"}
{"error":{},"level":"error","message":" failed to get publicacao"}
{"error":{},"level":"error","message":" failed to get publicacao"}
{"error":{},"level":"error","message":" failed to get publicacao"}
{"error":{},"level":"error","message":" failed to get publicacao"}
{"error":{},"level":"error","message":" failed to get publicacao"}
{"error":{},"level":"error","message":"Failed to get publicacao"}
{"error":{},"level":"error","message":"Failed to get publicacao"}
{"error":{},"level":"error","message":"Failed to get publicacao"}
{"error":{},"level":"error","message":"Failed to get publicacao"}
{"error":{},"level":"error","message":"Failed to get publicacao"}
{"error":{},"level":"error","message":"Failed to get publicacao"}
{"error":{},"level":"error","message":"Failed to get publicacao"}
{"error":{},"level":"error","message":"Failed to get publicacao"}
{"error":{},"level":"error","message":"Failed to get publicacao"}
{"error":{},"level":"error","message":"Failed to get publicacao"}
{"error":{},"level":"error","message":"Failed to get publicacao"}
{"error":{},"level":"error","message":"Failed to get publicacao"}
{"error":{},"level":"error","message":"Failed to get publicacao"}
{"error":{},"level":"error","message":"Failed to get publicacao"}
{"error":{},"level":"error","message":"Failed to get publicacao"}
{"error":{},"level":"error","message":"Failed to get publicacao"}
{"error":{},"level":"error","message":"Failed to get publicacao"}
{"error":{},"level":"error","message":"Failed to get publicacao"}
