{"error":{"clientVersion":"5.16.1","name":"PrismaClientInitializationError"},"level":"error","message":" failed to get publicacao"}
{"error":{},"level":"error","message":" failed to get publicacao"}
{"error":{},"level":"error","message":" failed to get publicacao"}
{"error":{},"level":"error","message":" failed to get publicacao"}
{"error":{},"level":"error","message":" failed to get publicacao"}
{"error":{},"level":"error","message":"erro na pagina poster em pegar a publicacao"}
{"error":{},"level":"error","message":"erro na pagina poster em pegar a publicacao"}
{"error":{},"level":"error","message":"erro na pagina poster em pegar a publicacao"}
{"error":{},"level":"error","message":" failed to get publicacao"}
{"error":{},"level":"error","message":" failed to get publicacao"}
{"error":{},"level":"error","message":" failed to get publicacao"}
{"error":{},"level":"error","message":" failed to get publicacao"}
{"error":{},"level":"error","message":" failed to get publicacao"}
{"error":{},"level":"error","message":" failed to get publicacao"}
{"error":{},"level":"error","message":" failed to get publicacao"}
{"error":{},"level":"error","message":" failed to get publicacao"}
{"error":{},"level":"error","message":"Failed to get publicacao"}
{"error":{},"level":"error","message":"Failed to get publicacao"}
{"error":{},"level":"error","message":"Failed to get publicacao"}
{"error":{},"level":"error","message":"Failed to get publicacao"}
{"error":{},"level":"error","message":"Failed to get publicacao"}
{"error":{},"level":"error","message":"Failed to get publicacao"}
{"error":{},"level":"error","message":"Failed to get publicacao"}
{"error":{},"level":"error","message":"Failed to get publicacao"}
{"error":{},"level":"error","message":"Failed to get publicacao"}
{"error":{},"level":"error","message":"Failed to get publicacao"}
{"error":{},"level":"error","message":"Failed to get publicacao"}
{"error":{},"level":"error","message":"Failed to get publicacao"}
{"error":{},"level":"error","message":"Failed to get publicacao"}
{"error":{},"level":"error","message":"Failed to get publicacao"}
{"error":{},"level":"error","message":"Failed to get publicacao"}
{"error":{},"level":"error","message":"Failed to get publicacao"}
{"error":{},"level":"error","message":"Failed to get publicacao"}
{"error":{},"level":"error","message":"Failed to get publicacao"}
{"error":{"clientVersion":"5.16.1","name":"PrismaClientInitializationError"},"level":"error","message":" failed to get publicacao"}
{"error":{},"level":"error","message":"Failed to get publicacao"}
{"error":{},"level":"error","message":"Failed to get publicacao"}
{"error":{},"level":"error","message":"Failed to get publicacao"}
{"error":{},"level":"error","message":"Failed to get publicacao"}
{"error":{"clientVersion":"5.16.1","name":"PrismaClientValidationError"},"level":"error","message":" failed to get publicacao"}
{"error":{"clientVersion":"5.16.1","name":"PrismaClientValidationError"},"level":"error","message":" failed to get publicacao"}
{"error":{"clientVersion":"5.16.1","name":"PrismaClientValidationError"},"level":"error","message":" failed to get publicacao"}
{"error":{"clientVersion":"5.16.1","name":"PrismaClientValidationError"},"level":"error","message":" failed to get publicacao"}
{"error":{"clientVersion":"5.16.1","name":"PrismaClientValidationError"},"level":"error","message":" failed to get publicacao"}
{"error":{"clientVersion":"5.16.1","name":"PrismaClientValidationError"},"level":"error","message":" failed to get publicacao"}
{"error":{"clientVersion":"5.16.1","name":"PrismaClientValidationError"},"level":"error","message":" failed to get publicacao"}
{"error":{"clientVersion":"5.16.1","name":"PrismaClientValidationError"},"level":"error","message":" failed to get publicacao"}
{"error":{"clientVersion":"5.16.1","name":"PrismaClientValidationError"},"level":"error","message":" failed to get publicacao"}
{"error":{"clientVersion":"5.16.1","name":"PrismaClientValidationError"},"level":"error","message":" failed to get publicacao"}
{"error":{"clientVersion":"5.16.1","name":"PrismaClientValidationError"},"level":"error","message":" failed to get publicacao"}
{"error":{"clientVersion":"5.16.1","name":"PrismaClientValidationError"},"level":"error","message":" failed to get publicacao"}
{"error":{"clientVersion":"5.16.1","name":"PrismaClientValidationError"},"level":"error","message":" failed to get publicacao"}
{"error":{"clientVersion":"5.16.1","name":"PrismaClientValidationError"},"level":"error","message":" failed to get publicacao"}
{"error":{"clientVersion":"5.16.1","name":"PrismaClientValidationError"},"level":"error","message":" failed to get publicacao"}
{"error":{"clientVersion":"5.16.1","name":"PrismaClientValidationError"},"level":"error","message":" failed to get publicacao"}
{"error":{"clientVersion":"5.16.1","name":"PrismaClientValidationError"},"level":"error","message":" failed to get publicacao"}
{"error":{"clientVersion":"5.16.1","name":"PrismaClientValidationError"},"level":"error","message":" failed to get publicacao"}
{"error":{"clientVersion":"5.16.1","name":"PrismaClientValidationError"},"level":"error","message":" failed to get publicacao"}
{"error":{"clientVersion":"5.16.1","name":"PrismaClientValidationError"},"level":"error","message":" failed to get publicacao"}
{"error":{"clientVersion":"5.16.1","name":"PrismaClientValidationError"},"level":"error","message":" failed to get publicacao"}
{"error":{"clientVersion":"5.16.1","name":"PrismaClientValidationError"},"level":"error","message":" failed to get publicacao"}
{"error":{"clientVersion":"5.16.1","name":"PrismaClientValidationError"},"level":"error","message":" failed to get publicacao"}
{"error":{"clientVersion":"5.16.1","name":"PrismaClientValidationError"},"level":"error","message":" failed to get publicacao"}
{"error":{"clientVersion":"5.16.1","name":"PrismaClientValidationError"},"level":"error","message":" failed to get publicacao"}
{"error":{"clientVersion":"5.16.1","name":"PrismaClientValidationError"},"level":"error","message":" failed to get publicacao"}
{"error":{"clientVersion":"5.16.1","name":"PrismaClientValidationError"},"level":"error","message":" failed to get publicacao"}
{"error":{"clientVersion":"5.16.1","name":"PrismaClientValidationError"},"level":"error","message":" failed to get publicacao"}
{"error":{"clientVersion":"5.16.1","name":"PrismaClientValidationError"},"level":"error","message":" failed to get publicacao"}
{"error":{"clientVersion":"5.16.1","name":"PrismaClientValidationError"},"level":"error","message":" failed to get publicacao"}
{"error":{"clientVersion":"5.16.1","name":"PrismaClientValidationError"},"level":"error","message":" failed to get publicacao"}
{"error":{"clientVersion":"5.16.1","name":"PrismaClientValidationError"},"level":"error","message":" failed to get publicacao"}
{"error":{"clientVersion":"5.16.1","name":"PrismaClientValidationError"},"level":"error","message":" failed to get publicacao"}
{"error":{"clientVersion":"5.16.1","name":"PrismaClientValidationError"},"level":"error","message":" failed to get publicacao"}
{"error":{"clientVersion":"5.16.1","name":"PrismaClientValidationError"},"level":"error","message":" failed to get publicacao"}
{"error":{"clientVersion":"5.16.1","name":"PrismaClientValidationError"},"level":"error","message":" failed to get publicacao"}
{"error":{"clientVersion":"5.16.1","name":"PrismaClientValidationError"},"level":"error","message":" failed to get publicacao"}
{"error":{"clientVersion":"5.16.1","name":"PrismaClientValidationError"},"level":"error","message":" failed to get publicacao"}
{"error":{"clientVersion":"5.16.1","name":"PrismaClientValidationError"},"level":"error","message":" failed to get publicacao"}
{"error":{"clientVersion":"5.16.1","name":"PrismaClientValidationError"},"level":"error","message":" failed to get publicacao"}
{"error":{"clientVersion":"5.16.1","name":"PrismaClientValidationError"},"level":"error","message":" failed to get publicacao"}
{"error":{"clientVersion":"5.16.1","name":"PrismaClientValidationError"},"level":"error","message":" failed to get publicacao"}
{"error":{"clientVersion":"5.16.1","name":"PrismaClientValidationError"},"level":"error","message":" failed to get publicacao"}
{"error":{"clientVersion":"5.16.1","name":"PrismaClientValidationError"},"level":"error","message":" failed to get publicacao"}
{"error":{"clientVersion":"5.16.1","name":"PrismaClientValidationError"},"level":"error","message":" failed to get publicacao"}
{"error":{"clientVersion":"5.16.1","name":"PrismaClientValidationError"},"level":"error","message":" failed to get publicacao"}
{"error":{"clientVersion":"5.16.1","name":"PrismaClientValidationError"},"level":"error","message":" failed to get publicacao"}
{"error":{"clientVersion":"5.16.1","name":"PrismaClientValidationError"},"level":"error","message":" failed to get publicacao"}
{"error":{"clientVersion":"5.16.1","name":"PrismaClientValidationError"},"level":"error","message":" failed to get publicacao"}
{"error":{"clientVersion":"5.16.1","name":"PrismaClientValidationError"},"level":"error","message":" failed to get publicacao"}
{"error":{"clientVersion":"5.16.1","name":"PrismaClientValidationError"},"level":"error","message":" failed to get publicacao"}
{"error":{"clientVersion":"5.16.1","name":"PrismaClientValidationError"},"level":"error","message":" failed to get publicacao"}
{"error":{"clientVersion":"5.16.1","name":"PrismaClientValidationError"},"level":"error","message":" failed to get publicacao"}
{"error":{"clientVersion":"5.16.1","name":"PrismaClientValidationError"},"level":"error","message":" failed to get publicacao"}
{"error":{"clientVersion":"5.16.1","name":"PrismaClientValidationError"},"level":"error","message":" failed to get publicacao"}
{"error":{"clientVersion":"5.16.1","name":"PrismaClientValidationError"},"level":"error","message":" failed to get publicacao"}
{"error":{"clientVersion":"5.16.1","name":"PrismaClientValidationError"},"level":"error","message":" failed to get publicacao"}
{"error":{"clientVersion":"5.16.1","name":"PrismaClientValidationError"},"level":"error","message":" failed to get publicacao"}
{"error":{"clientVersion":"5.16.1","name":"PrismaClientValidationError"},"level":"error","message":" failed to get publicacao"}
{"error":{"clientVersion":"5.16.1","name":"PrismaClientValidationError"},"level":"error","message":" failed to get publicacao"}
{"error":{"clientVersion":"5.16.1","name":"PrismaClientValidationError"},"level":"error","message":" failed to get publicacao"}
{"error":{"clientVersion":"5.16.1","name":"PrismaClientValidationError"},"level":"error","message":" failed to get publicacao"}
{"error":{"clientVersion":"5.16.1","name":"PrismaClientValidationError"},"level":"error","message":" failed to get publicacao"}
{"error":{"clientVersion":"5.16.1","name":"PrismaClientValidationError"},"level":"error","message":" failed to get publicacao"}
{"error":{"clientVersion":"5.16.1","name":"PrismaClientValidationError"},"level":"error","message":" failed to get publicacao"}
{"error":{"clientVersion":"5.16.1","name":"PrismaClientValidationError"},"level":"error","message":" failed to get publicacao"}
{"error":{"clientVersion":"5.16.1","name":"PrismaClientValidationError"},"level":"error","message":" failed to get publicacao"}
{"error":{"clientVersion":"5.16.1","name":"PrismaClientValidationError"},"level":"error","message":" failed to get publicacao"}
{"error":{"clientVersion":"5.16.1","name":"PrismaClientValidationError"},"level":"error","message":" failed to get publicacao"}
{"error":{},"level":"error","message":" failed to get publicacao"}
{"error":{},"level":"error","message":" failed to get publicacao"}
{"error":{"clientVersion":"5.16.1","name":"PrismaClientValidationError"},"level":"error","message":" failed to get publicacao"}
{"error":{"clientVersion":"5.16.1","name":"PrismaClientValidationError"},"level":"error","message":" failed to get publicacao"}
{"error":{"clientVersion":"5.16.1","name":"PrismaClientValidationError"},"level":"error","message":" failed to get publicacao"}
{"error":{"clientVersion":"5.16.1","name":"PrismaClientValidationError"},"level":"error","message":" failed to get publicacao"}
{"error":{"clientVersion":"5.16.1","name":"PrismaClientValidationError"},"level":"error","message":" failed to get publicacao"}
{"error":{"clientVersion":"5.16.1","name":"PrismaClientValidationError"},"level":"error","message":" failed to get publicacao"}
{"error":{"clientVersion":"5.16.1","name":"PrismaClientValidationError"},"level":"error","message":" failed to get publicacao"}
{"error":{"clientVersion":"5.16.1","name":"PrismaClientValidationError"},"level":"error","message":" failed to get publicacao"}
{"error":{"clientVersion":"5.16.1","name":"PrismaClientValidationError"},"level":"error","message":" failed to get publicacao"}
{"error":{"clientVersion":"5.16.1","name":"PrismaClientValidationError"},"level":"error","message":" failed to get publicacao"}
{"error":{"clientVersion":"5.16.1","name":"PrismaClientValidationError"},"level":"error","message":" failed to get publicacao"}
{"error":{"clientVersion":"5.16.1","name":"PrismaClientValidationError"},"level":"error","message":" failed to get publicacao"}
{"error":{"clientVersion":"5.16.1","name":"PrismaClientValidationError"},"level":"error","message":" failed to get publicacao"}
{"error":{"clientVersion":"5.16.1","name":"PrismaClientValidationError"},"level":"error","message":" failed to get publicacao"}
{"error":{"clientVersion":"5.16.1","name":"PrismaClientValidationError"},"level":"error","message":" failed to get publicacao"}
{"error":{"clientVersion":"5.16.1","name":"PrismaClientValidationError"},"level":"error","message":" failed to get publicacao"}
{"error":{"clientVersion":"5.16.1","name":"PrismaClientValidationError"},"level":"error","message":" failed to get publicacao"}
{"error":{"clientVersion":"5.16.1","name":"PrismaClientValidationError"},"level":"error","message":" failed to get publicacao"}
{"error":{"clientVersion":"5.16.1","name":"PrismaClientValidationError"},"level":"error","message":" failed to get publicacao"}
{"error":{"clientVersion":"5.16.1","name":"PrismaClientValidationError"},"level":"error","message":" failed to get publicacao"}
{"error":{},"level":"error","message":" failed to get publicacao"}
{"error":{},"level":"error","message":" failed to get publicacao"}
{"error":{"clientVersion":"5.16.1","name":"PrismaClientValidationError"},"level":"error","message":" failed to get publicacao"}
{"error":{"clientVersion":"5.16.1","name":"PrismaClientValidationError"},"level":"error","message":" failed to get publicacao"}
{"error":{"clientVersion":"5.16.1","name":"PrismaClientValidationError"},"level":"error","message":" failed to get publicacao"}
{"error":{"clientVersion":"5.16.1","name":"PrismaClientValidationError"},"level":"error","message":" failed to get publicacao"}
{"error":{"clientVersion":"5.16.1","name":"PrismaClientValidationError"},"level":"error","message":" failed to get publicacao"}
{"error":{"clientVersion":"5.16.1","name":"PrismaClientValidationError"},"level":"error","message":" failed to get publicacao"}
{"error":{"clientVersion":"5.16.1","name":"PrismaClientValidationError"},"level":"error","message":" failed to get publicacao"}
{"error":{"clientVersion":"5.16.1","name":"PrismaClientValidationError"},"level":"error","message":" failed to get publicacao"}
{"error":{"clientVersion":"5.16.1","name":"PrismaClientValidationError"},"level":"error","message":" failed to get publicacao"}
{"error":{"clientVersion":"5.16.1","name":"PrismaClientValidationError"},"level":"error","message":" failed to get publicacao"}
{"error":{"clientVersion":"5.16.1","name":"PrismaClientValidationError"},"level":"error","message":" failed to get publicacao"}
{"error":{"clientVersion":"5.16.1","name":"PrismaClientValidationError"},"level":"error","message":" failed to get publicacao"}
{"error":{"clientVersion":"5.16.1","name":"PrismaClientValidationError"},"level":"error","message":" failed to get publicacao"}
{"error":{"clientVersion":"5.16.1","name":"PrismaClientValidationError"},"level":"error","message":" failed to get publicacao"}
{"error":{"clientVersion":"5.16.1","name":"PrismaClientValidationError"},"level":"error","message":" failed to get publicacao"}
{"error":{"clientVersion":"5.16.1","name":"PrismaClientValidationError"},"level":"error","message":" failed to get publicacao"}
{"error":{"clientVersion":"5.16.1","name":"PrismaClientValidationError"},"level":"error","message":" failed to get publicacao"}
{"error":{"clientVersion":"5.16.1","name":"PrismaClientValidationError"},"level":"error","message":" failed to get publicacao"}
{"error":{"clientVersion":"5.16.1","name":"PrismaClientValidationError"},"level":"error","message":" failed to get publicacao"}
{"error":{"clientVersion":"5.16.1","name":"PrismaClientValidationError"},"level":"error","message":" failed to get publicacao"}
{"error":{"clientVersion":"5.16.1","name":"PrismaClientValidationError"},"level":"error","message":" failed to get publicacao"}
{"error":{"clientVersion":"5.16.1","name":"PrismaClientValidationError"},"level":"error","message":" failed to get publicacao"}
{"error":{"clientVersion":"5.16.1","name":"PrismaClientValidationError"},"level":"error","message":" failed to get publicacao"}
{"error":{"clientVersion":"5.16.1","name":"PrismaClientValidationError"},"level":"error","message":" failed to get publicacao"}
{"error":{"clientVersion":"5.16.1","name":"PrismaClientValidationError"},"level":"error","message":" failed to get publicacao"}
{"error":{"clientVersion":"5.16.1","name":"PrismaClientValidationError"},"level":"error","message":" failed to get publicacao"}
{"error":{"clientVersion":"5.16.1","name":"PrismaClientValidationError"},"level":"error","message":" failed to get publicacao"}
{"error":{"clientVersion":"5.16.1","name":"PrismaClientValidationError"},"level":"error","message":" failed to get publicacao"}
{"error":{"clientVersion":"5.16.1","name":"PrismaClientValidationError"},"level":"error","message":" failed to get publicacao"}
{"error":{"clientVersion":"5.16.1","name":"PrismaClientValidationError"},"level":"error","message":" failed to get publicacao"}
{"error":{"clientVersion":"5.16.1","name":"PrismaClientValidationError"},"level":"error","message":" failed to get publicacao"}
{"error":{"clientVersion":"5.16.1","name":"PrismaClientValidationError"},"level":"error","message":" failed to get publicacao"}
{"error":{"clientVersion":"5.16.1","name":"PrismaClientValidationError"},"level":"error","message":" failed to get publicacao"}
{"error":{},"level":"error","message":"Failed to get publicacao"}
{"error":{},"level":"error","message":"Failed to get publicacao"}
{"error":{},"level":"error","message":"Failed to get publicacao"}
{"error":{},"level":"error","message":"Failed to get publicacao"}
{"error":{},"level":"error","message":"Failed to get publicacao"}
{"error":{},"level":"error","message":"Failed to get publicacao"}
{"error":{},"level":"error","message":"Failed to get publicacao"}
{"error":{},"level":"error","message":"Failed to get publicacao"}
{"error":{},"level":"error","message":"Failed to get publicacao"}
{"error":{},"level":"error","message":"Failed to get publicacao"}
{"error":{},"level":"error","message":"Failed to get publicacao"}
{"error":{},"level":"error","message":"Failed to get publicacao"}
{"error":{},"level":"error","message":"Failed to get publicacao"}
{"error":{},"level":"error","message":"Failed to get publicacao"}
{"error":{},"level":"error","message":"Failed to get publicacao"}
{"error":{},"level":"error","message":"Failed to get publicacao"}
{"error":{},"level":"error","message":"Failed to get publicacao"}
{"error":{},"level":"error","message":"Failed to get publicacao"}
{"error":{},"level":"error","message":"Failed to get publicacao"}
{"error":{},"level":"error","message":"Failed to get publicacao"}
{"error":{},"level":"error","message":"Failed to get publicacao"}
{"error":{},"level":"error","message":"Failed to get publicacao"}
{"error":{},"level":"error","message":"Failed to get publicacao"}
{"error":{},"level":"error","message":"Failed to get publicacao"}
{"error":{},"level":"error","message":"Failed to get publicacao"}
{"error":{},"level":"error","message":"Failed to get publicacao"}
{"error":{},"level":"error","message":"Failed to get publicacao"}
{"error":{},"level":"error","message":"Failed to get publicacao"}
{"error":{},"level":"error","message":"Failed to get publicacao"}
{"error":{},"level":"error","message":"Failed to get publicacao"}
{"error":{},"level":"error","message":"Failed to get publicacao"}
{"error":{},"level":"error","message":"Failed to get publicacao"}
{"error":{},"level":"error","message":"Failed to get publicacao"}
{"error":{},"level":"error","message":"Failed to get publicacao"}
{"error":{},"level":"error","message":"Failed to get publicacao"}
{"error":{},"level":"error","message":"Failed to get publicacao"}
{"error":{},"level":"error","message":"Failed to get publicacao"}
{"error":{},"level":"error","message":"Failed to get publicacao"}
{"error":{},"level":"error","message":"Failed to get publicacao"}
{"error":{},"level":"error","message":"Failed to get publicacao"}
{"error":{},"level":"error","message":"Failed to get publicacao"}
{"error":{},"level":"error","message":"Failed to get publicacao"}
{"error":{},"level":"error","message":"Failed to get publicacao"}
{"error":{},"level":"error","message":"Failed to get publicacao"}
{"error":{},"level":"error","message":"Failed to get publicacao"}
{"error":{},"level":"error","message":"Failed to get publicacao"}
{"error":{},"level":"error","message":"Failed to get publicacao"}
{"error":{},"level":"error","message":"Failed to get publicacao"}
{"error":{},"level":"error","message":"Failed to get publicacao"}
{"error":{},"level":"error","message":"Failed to get publicacao"}
{"error":{},"level":"error","message":"Failed to get publicacao"}
{"error":{},"level":"error","message":"Failed to get publicacao"}
{"error":{},"level":"error","message":"Failed to get publicacao"}
{"error":{},"level":"error","message":"Failed to get publicacao"}
{"error":{},"level":"error","message":"Failed to get publicacao"}
{"error":{},"level":"error","message":"Failed to get publicacao"}
{"error":{},"level":"error","message":"Failed to get publicacao"}
{"error":{},"level":"error","message":"Failed to get publicacao"}
{"error":{},"level":"error","message":"Failed to get publicacao"}
{"error":{},"level":"error","message":"Failed to get publicacao"}
{"error":{},"level":"error","message":"Failed to get publicacao"}
{"error":{},"level":"error","message":"Failed to get publicacao"}
{"error":{},"level":"error","message":"Failed to get publicacao"}
{"error":{},"level":"error","message":"Failed to get publicacao"}
{"error":{},"level":"error","message":"Failed to get publicacao"}
{"error":{},"level":"error","message":"Failed to get publicacao"}
{"error":{},"level":"error","message":"Failed to get publicacao"}
{"error":{},"level":"error","message":"Failed to get publicacao"}
{"error":{},"level":"error","message":"Failed to get publicacao"}
{"error":{},"level":"error","message":"Failed to get publicacao"}
{"error":{},"level":"error","message":"Failed to get publicacao"}
{"error":{},"level":"error","message":"Failed to get publicacao"}
{"error":{},"level":"error","message":"Failed to get publicacao"}
{"error":{},"level":"error","message":"Failed to get publicacao"}
{"error":{},"level":"error","message":"Failed to get publicacao"}
{"error":{},"level":"error","message":"Failed to get publicacao"}
{"error":{},"level":"error","message":"Failed to get publicacao"}
{"error":{},"level":"error","message":"Failed to get publicacao"}
{"error":{},"level":"error","message":"Failed to get publicacao"}
{"error":{},"level":"error","message":"Failed to get publicacao"}
{"error":{},"level":"error","message":"Falha a obter a publicação com o slug:","slug":"slash-quest-e-"}
{"error":{},"level":"error","message":"Falha a obter a publicação com o slug:","slug":"slash-quest-e-"}
{"error":{},"level":"error","message":"Falha a obter a publicação com o slug:","slug":"slash--e-"}
{"error":{},"level":"error","message":"Falha a obter a publicação com o slug:","slug":"elderring-tudo-sobre"}
{"error":{},"level":"error","message":"Falha a obter a publicação com o slug:","slug":"elderring-tudo-sobre"}
{"error":{},"level":"error","message":"Falha a obter a publicação com o slug:","slug":"elderring-tudo-sobre-samurais"}
{"error":{},"level":"error","message":"Falha a obter a publicação com o slug:","slug":"elderring-tudo-sobre-samurais"}
{"error":{},"level":"error","message":"Falha a obter a publicação com o slug:","slug":"elderring-tudo-sobre-samurais"}
{"error":{},"level":"error","message":"Falha a obter a publicação com o slug:","slug":"elderring-tudo-sobre-samurais"}
{"error":{},"level":"error","message":"Falha a obter a publicação com o slug:","slug":"elderring-tudo-sobre-samurais"}
{"error":{},"level":"error","message":"Falha a obter a publicação com o slug:","slug":"elderring-tudo-sobre-samurais"}
{"error":{},"level":"error","message":"Falha a obter a publicação com o slug:","slug":"elderring-tudo-sobre-samurais"}
{"error":{},"level":"error","message":"Falha a obter a publicação com o slug:","slug":"slash-quest-e-s"}
{"error":{},"level":"error","message":"Falha a obter a publicação com o slug:","slug":"elderring-tudo-sobre-samurais"}
{"error":{},"level":"error","message":"Falha a obter a publicação com o slug:","slug":"slash-quest-e-boms"}
{"error":{},"level":"error","message":"Falha a obter a publicação com o slug:","slug":"slash-quest-e-s"}
{"error":{},"level":"error","message":"Falha a obter a publicação com o slug:","slug":"elderring-tudo-sobre-samurais"}
{"error":{},"level":"error","message":"Falha a obter a publicação com o slug:","slug":"elderring-tudo-sobre-samurais"}
{"error":{},"level":"error","message":"Falha a obter a publicação com o slug:","slug":"elderring-tudo-sobre-samurais"}
{"error":{},"level":"error","message":"Falha a obter a publicação com o slug:","slug":"elderring-tudo-sobre-samurais"}
{"error":{},"level":"error","message":"Falha a obter a publicação com o slug:","slug":"elderring-tudo-sobre-samurais"}
{"error":{"clientVersion":"5.16.1","code":"P2037","meta":{"message":"FATAL: sorry, too many clients already","modelName":"Post"},"name":"PrismaClientKnownRequestError"},"level":"error","message":" failed to get publicacao"}
{"error":{"clientVersion":"5.16.1","name":"PrismaClientInitializationError"},"level":"error","message":" failed to get publicacao"}
{"error":{"clientVersion":"5.16.1","name":"PrismaClientInitializationError"},"level":"error","message":"Falha a obter a publicação com o slug:","slug":"elderring-tudo-sobre-samurai"}
{"error":{"clientVersion":"5.16.1","name":"PrismaClientInitializationError"},"level":"error","message":"Falha a obter a publicação com o slug:","slug":"elderring-tudo-sobre-samurai"}
{"error":{"clientVersion":"5.16.1","name":"PrismaClientInitializationError"},"level":"error","message":" failed to get publicacao"}
{"error":{"clientVersion":"5.16.1","name":"PrismaClientInitializationError"},"level":"error","message":" failed to get publicacao"}
{"error":{"clientVersion":"5.16.1","name":"PrismaClientInitializationError"},"level":"error","message":" failed to get publicacao"}
{"error":{"clientVersion":"5.16.1","name":"PrismaClientInitializationError"},"level":"error","message":"Falha a obter a publicação com o slug:","slug":"elderring-tudo-sobre-samurai"}
{"error":{"clientVersion":"5.16.1","name":"PrismaClientInitializationError"},"level":"error","message":"Falha a obter a publicação com o slug:","slug":"elderring-tudo-sobre-samurai"}
{"error":{"clientVersion":"5.16.1","name":"PrismaClientInitializationError"},"level":"error","message":" failed to get publicacao"}
{"error":{"clientVersion":"5.16.1","name":"PrismaClientInitializationError"},"level":"error","message":" failed to get publicacao"}
{"error":{"clientVersion":"5.16.1","name":"PrismaClientInitializationError"},"level":"error","message":" failed to get publicacao"}
{"error":{"clientVersion":"5.16.1","name":"PrismaClientInitializationError"},"level":"error","message":" failed to get publicacao"}
{"error":{"clientVersion":"5.16.1","name":"PrismaClientInitializationError"},"level":"error","message":" failed to get publicacao"}
{"error":{"clientVersion":"5.16.1","name":"PrismaClientInitializationError"},"level":"error","message":" failed to get publicacao"}
{"error":{"clientVersion":"5.16.1","name":"PrismaClientInitializationError"},"level":"error","message":" failed to get publicacao"}
{"error":{"clientVersion":"5.16.1","name":"PrismaClientInitializationError"},"level":"error","message":" failed to get publicacao"}
{"error":{"clientVersion":"5.16.1","name":"PrismaClientInitializationError"},"level":"error","message":" failed to get publicacao"}
{"error":{"clientVersion":"5.16.1","name":"PrismaClientInitializationError"},"level":"error","message":" failed to get publicacao"}
{"error":{"clientVersion":"5.16.1","name":"PrismaClientInitializationError"},"level":"error","message":" failed to get publicacao"}
{"error":{"clientVersion":"5.16.1","name":"PrismaClientInitializationError"},"level":"error","message":" failed to get publicacao"}
{"error":{},"level":"error","message":"Falha a obter a publicação com o slug:","slug":"elderring-tudo-sobre-samurais"}
{"error":{"clientVersion":"5.16.1","name":"PrismaClientValidationError"},"level":"error","message":" falha em pegar as publicações"}
{"error":{"clientVersion":"5.16.1","name":"PrismaClientValidationError"},"level":"error","message":" falha em pegar as publicações"}
{"error":{"clientVersion":"5.16.1","name":"PrismaClientValidationError"},"level":"error","message":" falha em pegar as publicações"}
{"error":{"clientVersion":"5.16.1","name":"PrismaClientValidationError"},"level":"error","message":" falha em pegar as publicações"}
{"error":{"clientVersion":"5.16.1","name":"PrismaClientValidationError"},"level":"error","message":" falha em pegar as publicações"}
{"error":{"clientVersion":"5.16.1","name":"PrismaClientValidationError"},"level":"error","message":" falha em pegar as publicações"}
{"error":{"clientVersion":"5.16.1","name":"PrismaClientValidationError"},"level":"error","message":" falha em pegar as publicações"}
{"error":{"clientVersion":"5.16.1","name":"PrismaClientValidationError"},"level":"error","message":" falha em pegar as publicações"}
{"error":{"clientVersion":"5.16.1","name":"PrismaClientValidationError"},"level":"error","message":" falha em pegar as publicações"}
{"error":{"clientVersion":"5.16.1","name":"PrismaClientValidationError"},"level":"error","message":" falha em pegar as publicações"}
{"error":{"clientVersion":"5.16.1","name":"PrismaClientValidationError"},"level":"error","message":" falha em pegar as publicações"}
{"error":{"clientVersion":"5.16.1","name":"PrismaClientValidationError"},"level":"error","message":" falha em pegar as publicações"}
{"error":{"clientVersion":"5.16.1","name":"PrismaClientValidationError"},"level":"error","message":" falha em pegar as publicações"}
{"error":{"clientVersion":"5.16.1","name":"PrismaClientValidationError"},"level":"error","message":" falha em pegar as publicações"}
{"error":{"clientVersion":"5.16.1","name":"PrismaClientValidationError"},"level":"error","message":" falha em pegar as publicações"}
{"error":{"clientVersion":"5.16.1","name":"PrismaClientValidationError"},"level":"error","message":" falha em pegar as publicações"}
{"error":{"clientVersion":"5.16.1","name":"PrismaClientValidationError"},"level":"error","message":" falha em pegar as publicações"}
{"error":{"clientVersion":"5.16.1","name":"PrismaClientValidationError"},"level":"error","message":" falha em pegar as publicações"}
{"error":{"clientVersion":"5.16.1","name":"PrismaClientValidationError"},"level":"error","message":" falha em pegar as publicações"}
{"error":{"clientVersion":"5.16.1","name":"PrismaClientValidationError"},"level":"error","message":" falha em pegar as publicações"}
{"error":{"clientVersion":"5.16.1","name":"PrismaClientValidationError"},"level":"error","message":" falha em pegar as publicações"}
{"error":{"clientVersion":"5.16.1","name":"PrismaClientValidationError"},"level":"error","message":" falha em pegar as publicações"}
{"error":{"clientVersion":"5.16.1","name":"PrismaClientValidationError"},"level":"error","message":" falha em pegar as publicações"}
{"error":{"clientVersion":"5.16.1","name":"PrismaClientValidationError"},"level":"error","message":" falha em pegar as publicações"}
{"error":{"clientVersion":"5.16.1","name":"PrismaClientValidationError"},"level":"error","message":" falha em pegar as publicações"}
{"error":{"clientVersion":"5.16.1","name":"PrismaClientValidationError"},"level":"error","message":" falha em pegar as publicações"}
{"error":{"clientVersion":"5.16.1","name":"PrismaClientValidationError"},"level":"error","message":" falha em pegar as publicações"}
{"error":{"clientVersion":"5.16.1","name":"PrismaClientValidationError"},"level":"error","message":" falha em pegar as publicações"}
{"error":{"clientVersion":"5.16.1","name":"PrismaClientValidationError"},"level":"error","message":" falha em pegar as publicações"}
{"error":{"clientVersion":"5.16.1","name":"PrismaClientValidationError"},"level":"error","message":" falha em pegar as publicações"}
{"error":{"clientVersion":"5.16.1","name":"PrismaClientValidationError"},"level":"error","message":" falha em pegar as publicações"}
{"error":{"clientVersion":"5.16.1","name":"PrismaClientValidationError"},"level":"error","message":" falha em pegar as publicações"}
{"error":{"clientVersion":"5.16.1","name":"PrismaClientValidationError"},"level":"error","message":" falha em pegar as publicações"}
{"error":{"clientVersion":"5.16.1","name":"PrismaClientValidationError"},"level":"error","message":" falha em pegar as publicações"}
{"error":{"clientVersion":"5.16.1","name":"PrismaClientValidationError"},"level":"error","message":" falha em pegar as publicações"}
{"error":{"clientVersion":"5.16.1","name":"PrismaClientValidationError"},"level":"error","message":" falha em pegar as publicações"}
{"error":{"clientVersion":"5.16.1","name":"PrismaClientValidationError"},"level":"error","message":" falha em pegar as publicações"}
{"error":{"clientVersion":"5.16.1","name":"PrismaClientValidationError"},"level":"error","message":" falha em pegar as publicações"}
{"error":{"clientVersion":"5.16.1","name":"PrismaClientValidationError"},"level":"error","message":" falha em pegar as publicações"}
{"error":{"clientVersion":"5.16.1","name":"PrismaClientValidationError"},"level":"error","message":" falha em pegar as publicações"}
{"error":{"clientVersion":"5.16.1","name":"PrismaClientValidationError"},"level":"error","message":" falha em pegar as publicações"}
{"error":{"clientVersion":"5.16.1","name":"PrismaClientValidationError"},"level":"error","message":" falha em pegar as publicações"}
{"error":{"clientVersion":"5.16.1","name":"PrismaClientValidationError"},"level":"error","message":" falha em pegar as publicações"}
{"error":{"clientVersion":"5.16.1","name":"PrismaClientValidationError"},"level":"error","message":" falha em pegar as publicações"}
{"error":{"clientVersion":"5.16.1","name":"PrismaClientValidationError"},"level":"error","message":" falha em pegar as publicações"}
{"error":{"clientVersion":"5.16.1","name":"PrismaClientValidationError"},"level":"error","message":" falha em pegar as publicações"}
{"error":{"clientVersion":"5.16.1","name":"PrismaClientValidationError"},"level":"error","message":" falha em pegar as publicações"}
{"error":{"clientVersion":"5.16.1","name":"PrismaClientValidationError"},"level":"error","message":" falha em pegar as publicações"}
{"error":{"clientVersion":"5.16.1","name":"PrismaClientValidationError"},"level":"error","message":" falha em pegar as publicações"}
{"error":{"clientVersion":"5.16.1","name":"PrismaClientInitializationError"},"level":"error","message":" falha em pegar as publicações"}
{"error":{"clientVersion":"5.16.1","name":"PrismaClientInitializationError"},"level":"error","message":" falha em pegar as publicações"}
{"error":{"clientVersion":"5.16.1","name":"PrismaClientInitializationError"},"level":"error","message":" falha em pegar as publicações"}
{"error":{"clientVersion":"5.16.1","name":"PrismaClientInitializationError"},"level":"error","message":" falha em pegar as publicações"}
{"error":{"clientVersion":"5.16.1","name":"PrismaClientInitializationError"},"level":"error","message":" falha em pegar as publicações"}
{"error":{"clientVersion":"5.16.1","name":"PrismaClientInitializationError"},"level":"error","message":" falha em pegar as publicações"}
{"error":{"clientVersion":"5.16.1","name":"PrismaClientInitializationError"},"level":"error","message":" falha em pegar as publicações"}
{"error":{"clientVersion":"5.16.1","name":"PrismaClientInitializationError"},"level":"error","message":" falha em pegar as publicações"}
{"error":{"clientVersion":"5.16.1","name":"PrismaClientInitializationError"},"level":"error","message":" falha em pegar as publicações"}
{"error":{"clientVersion":"5.16.1","name":"PrismaClientInitializationError"},"level":"error","message":" falha em pegar as publicações"}
{"error":{"clientVersion":"5.16.1","name":"PrismaClientInitializationError"},"level":"error","message":" falha em pegar as publicações"}
{"error":{"clientVersion":"5.16.1","name":"PrismaClientInitializationError"},"level":"error","message":" falha em pegar as publicações"}
{"error":{"clientVersion":"5.16.1","name":"PrismaClientInitializationError"},"level":"error","message":" falha em pegar as publicações"}
{"error":{"clientVersion":"5.16.1","name":"PrismaClientInitializationError"},"level":"error","message":" falha em pegar as publicações"}
{"error":{"clientVersion":"5.16.1","name":"PrismaClientInitializationError"},"level":"error","message":" falha em pegar as publicações"}
{"error":{"clientVersion":"5.16.1","name":"PrismaClientInitializationError"},"level":"error","message":" falha em pegar as publicações"}
{"error":{"clientVersion":"5.16.1","name":"PrismaClientInitializationError"},"level":"error","message":" falha em pegar as publicações"}
{"error":{"clientVersion":"5.16.1","name":"PrismaClientInitializationError"},"level":"error","message":" falha em pegar as publicações"}
{"error":{"clientVersion":"5.16.1","name":"PrismaClientInitializationError"},"level":"error","message":" falha em pegar as publicações"}
{"error":{"clientVersion":"5.16.1","name":"PrismaClientInitializationError"},"level":"error","message":" falha em pegar as publicações"}
{"error":{"clientVersion":"5.16.1","name":"PrismaClientInitializationError"},"level":"error","message":" falha em pegar as publicações"}
{"error":{"clientVersion":"5.16.1","name":"PrismaClientInitializationError"},"level":"error","message":" falha em pegar as publicações"}
{"error":{"clientVersion":"5.16.1","name":"PrismaClientInitializationError"},"level":"error","message":" falha em pegar as publicações"}
{"error":{"clientVersion":"5.16.1","name":"PrismaClientInitializationError"},"level":"error","message":" falha em pegar as publicações"}
{"error":{"clientVersion":"5.16.1","name":"PrismaClientInitializationError"},"level":"error","message":" falha em pegar as publicações"}
{"error":{"clientVersion":"5.16.1","name":"PrismaClientInitializationError"},"level":"error","message":" falha em pegar as publicações"}
{"error":{"clientVersion":"5.16.1","name":"PrismaClientInitializationError"},"level":"error","message":" falha em pegar as publicações"}
{"error":{"clientVersion":"5.16.1","name":"PrismaClientInitializationError"},"level":"error","message":" falha em pegar as publicações"}
{"error":{"clientVersion":"5.16.1","name":"PrismaClientInitializationError"},"level":"error","message":" falha em pegar as publicações"}
{"error":{"clientVersion":"5.16.1","name":"PrismaClientInitializationError"},"level":"error","message":" falha em pegar as publicações"}
{"error":{"clientVersion":"5.16.1","name":"PrismaClientInitializationError"},"level":"error","message":" falha em pegar as publicações"}
{"error":{"clientVersion":"5.16.1","name":"PrismaClientInitializationError"},"level":"error","message":" falha em pegar as publicações"}
{"error":{"clientVersion":"5.16.1","name":"PrismaClientInitializationError"},"level":"error","message":" falha em pegar as publicações"}
{"error":{"clientVersion":"5.16.1","name":"PrismaClientInitializationError"},"level":"error","message":" falha em pegar as publicações"}
{"error":{"clientVersion":"5.16.1","name":"PrismaClientInitializationError"},"level":"error","message":" falha em pegar as publicações"}
{"error":{"clientVersion":"5.16.1","name":"PrismaClientInitializationError"},"level":"error","message":" falha em pegar as publicações"}
{"error":{"clientVersion":"5.16.1","name":"PrismaClientInitializationError"},"level":"error","message":" falha em pegar as publicações"}
{"error":{"clientVersion":"5.16.1","name":"PrismaClientInitializationError"},"level":"error","message":" falha em pegar as publicações"}
{"error":{"clientVersion":"5.16.1","name":"PrismaClientInitializationError"},"level":"error","message":" falha em pegar as publicações"}
{"error":{"clientVersion":"5.16.1","name":"PrismaClientInitializationError"},"level":"error","message":" falha em pegar as publicações"}
{"error":{"clientVersion":"5.16.1","name":"PrismaClientInitializationError"},"level":"error","message":" falha em pegar as publicações"}
{"error":{"clientVersion":"5.16.1","name":"PrismaClientInitializationError"},"level":"error","message":" falha em pegar as publicações"}
{"error":{"clientVersion":"5.16.1","name":"PrismaClientInitializationError"},"level":"error","message":" falha em pegar as publicações"}
{"error":{"clientVersion":"5.16.1","name":"PrismaClientInitializationError"},"level":"error","message":" falha em pegar as publicações"}
{"error":{"clientVersion":"5.16.1","name":"PrismaClientInitializationError"},"level":"error","message":" falha em pegar as publicações"}
{"error":{"clientVersion":"5.16.1","name":"PrismaClientInitializationError"},"level":"error","message":" falha em pegar as publicações"}
{"error":{"clientVersion":"5.16.1","name":"PrismaClientInitializationError"},"level":"error","message":" falha em pegar as publicações"}
{"error":{"clientVersion":"5.16.1","name":"PrismaClientInitializationError"},"level":"error","message":" falha em pegar as publicações"}
{"error":{"clientVersion":"5.16.1","name":"PrismaClientInitializationError"},"level":"error","message":" falha em pegar as publicações"}
{"error":{"clientVersion":"5.16.1","name":"PrismaClientInitializationError"},"level":"error","message":" falha em pegar as publicações"}
{"error":{"clientVersion":"5.16.1","name":"PrismaClientInitializationError"},"level":"error","message":" falha em pegar as publicações"}
{"error":{"clientVersion":"5.16.1","name":"PrismaClientInitializationError"},"level":"error","message":" falha em pegar as publicações"}
{"error":{"clientVersion":"5.16.1","name":"PrismaClientInitializationError"},"level":"error","message":" falha em pegar as publicações"}
{"error":{"clientVersion":"5.16.1","name":"PrismaClientInitializationError"},"level":"error","message":" falha em pegar as publicações"}
{"error":{"clientVersion":"5.16.1","name":"PrismaClientInitializationError"},"level":"error","message":" falha em pegar as publicações"}
{"error":{"clientVersion":"5.16.1","name":"PrismaClientInitializationError"},"level":"error","message":" falha em pegar as publicações"}
{"error":{"clientVersion":"5.16.1","name":"PrismaClientInitializationError"},"level":"error","message":" falha em pegar as publicações"}
{"error":{"clientVersion":"5.16.1","name":"PrismaClientInitializationError"},"level":"error","message":" falha em pegar as publicações"}
{"error":{"clientVersion":"5.16.1","code":"P1017","meta":{"modelName":"Post"},"name":"PrismaClientKnownRequestError"},"level":"error","message":" falha em pegar as publicações"}
{"error":{"clientVersion":"5.16.1","name":"PrismaClientInitializationError"},"level":"error","message":" falha em pegar as publicações"}
{"error":{"clientVersion":"5.16.1","name":"PrismaClientInitializationError"},"level":"error","message":" falha em pegar as publicações"}
{"error":{"clientVersion":"5.16.1","name":"PrismaClientInitializationError"},"level":"error","message":" falha em pegar as publicações"}
{"error":{"clientVersion":"5.16.1","name":"PrismaClientInitializationError"},"level":"error","message":" falha em pegar as publicações"}
{"error":{"clientVersion":"5.16.1","name":"PrismaClientInitializationError"},"level":"error","message":" falha em pegar as publicações"}
{"error":{"clientVersion":"5.16.1","name":"PrismaClientInitializationError"},"level":"error","message":" falha em pegar as publicações"}
{"error":{"clientVersion":"5.16.1","name":"PrismaClientInitializationError"},"level":"error","message":" falha em pegar as publicações"}
{"error":{"clientVersion":"5.16.1","name":"PrismaClientInitializationError"},"level":"error","message":" falha em pegar as publicações"}
{"error":{"clientVersion":"5.16.1","name":"PrismaClientInitializationError"},"level":"error","message":" falha em pegar as publicações"}
{"error":{"clientVersion":"5.16.1","name":"PrismaClientInitializationError"},"level":"error","message":" falha em pegar as publicações"}
{"error":{"clientVersion":"5.16.1","name":"PrismaClientInitializationError"},"level":"error","message":" falha em pegar as publicações"}
{"error":{"clientVersion":"5.16.1","name":"PrismaClientInitializationError"},"level":"error","message":" falha em pegar as publicações"}
{"error":{"clientVersion":"5.16.1","name":"PrismaClientValidationError"},"level":"error","message":"Falha a obter a publicação com o slug:","slug":"resident-evil-village-analise"}
{"error":{"clientVersion":"5.16.1","name":"PrismaClientValidationError"},"level":"error","message":"Falha a obter a publicação com o slug:","slug":"resident-evil-village-analise"}
{"error":{"clientVersion":"5.16.1","name":"PrismaClientValidationError"},"level":"error","message":"Falha a obter a publicação com o slug:","slug":"resident-evil-village-analise"}
{"error":{"clientVersion":"5.16.1","name":"PrismaClientValidationError"},"level":"error","message":"Falha a obter a publicação com o slug:","slug":"elderring-tudo-sobre-samurai"}
{"error":{"clientVersion":"5.16.1","name":"PrismaClientValidationError"},"level":"error","message":"Falha a obter a publicação com o slug:","slug":"resident-evil-village-analise"}
{"error":{"clientVersion":"5.16.1","name":"PrismaClientValidationError"},"level":"error","message":"Falha a obter a publicação com o slug:","slug":"elderring-tudo-sobre-samurai"}
{"error":{"clientVersion":"5.16.1","name":"PrismaClientValidationError"},"level":"error","message":"Falha a obter a publicação com o slug:","slug":"resident-evil-village-analise"}
{"error":{"clientVersion":"5.16.1","name":"PrismaClientValidationError"},"level":"error","message":"Falha a obter a publicação com o slug:","slug":"slash-quest-e-bom"}
{"error":{"clientVersion":"5.16.1","name":"PrismaClientValidationError"},"level":"error","message":"Falha a obter a publicação com o slug:","slug":"resident-evil-village-analise"}
{"error":{"clientVersion":"5.16.1","name":"PrismaClientInitializationError"},"level":"error","message":"Falha a obter a publicação com o slug:","slug":"resident-evil-village-analise"}
{"error":{"clientVersion":"5.16.1","name":"PrismaClientInitializationError"},"level":"error","message":" falha em pegar as publicações"}
{"error":{"clientVersion":"5.16.1","name":"PrismaClientInitializationError"},"level":"error","message":" falha em pegar as publicações"}
{"error":{"clientVersion":"5.16.1","name":"PrismaClientInitializationError"},"level":"error","message":" falha em pegar as publicações"}
{"error":{"clientVersion":"5.16.1","name":"PrismaClientInitializationError"},"level":"error","message":" falha em pegar as publicações"}
{"error":{"clientVersion":"5.16.1","name":"PrismaClientInitializationError"},"level":"error","message":" falha em pegar as publicações"}
{"error":{"clientVersion":"5.16.1","name":"PrismaClientInitializationError"},"level":"error","message":" falha em pegar as publicações"}
{"error":{"clientVersion":"5.16.1","name":"PrismaClientInitializationError"},"level":"error","message":" falha em pegar as publicações"}
{"error":{"clientVersion":"5.16.1","name":"PrismaClientInitializationError"},"level":"error","message":" falha em pegar as publicações"}
{"error":{"clientVersion":"5.16.1","name":"PrismaClientInitializationError"},"level":"error","message":" falha em pegar as publicações"}
{"error":{"clientVersion":"5.16.1","name":"PrismaClientValidationError"},"level":"error","message":"Falha a obter a publicação com o slug:","slug":"resident-evil-village-analise"}
{"error":{"clientVersion":"5.16.1","name":"PrismaClientValidationError"},"level":"error","message":"Falha a obter a publicação com o slug:","slug":"resident-evil-village-analise"}
{"error":{"clientVersion":"5.16.1","name":"PrismaClientValidationError"},"level":"error","message":"Falha a obter a publicação com o slug:","slug":"resident-evil-village-analise"}
{"error":{"clientVersion":"5.16.1","name":"PrismaClientValidationError"},"level":"error","message":"Falha a obter a publicação com o slug:","slug":"resident-evil-village-analise"}
{"error":{"clientVersion":"5.16.1","name":"PrismaClientValidationError"},"level":"error","message":"Falha a obter a publicação com o slug:","slug":"resident-evil-village-analise"}
{"error":{},"level":"error","message":"Falha a obter a publicação com o slug:","slug":"resident-evil-village-analise"}
{"error":{"clientVersion":"5.16.1","name":"PrismaClientValidationError"},"level":"error","message":"Falha ao obter todos os posts:"}
{"error":{"clientVersion":"5.16.1","name":"PrismaClientValidationError"},"level":"error","message":"Falha ao obter todos os posts:"}
{"error":{"clientVersion":"5.16.1","name":"PrismaClientInitializationError"},"level":"error","message":" falha em pegar as publicações"}
{"error":{"clientVersion":"5.17.0","name":"PrismaClientInitializationError"},"level":"error","message":" falha em pegar as publicações"}
{"error":{"clientVersion":"5.17.0","name":"PrismaClientInitializationError"},"level":"error","message":" falha em pegar as publicações"}
{"error":{"clientVersion":"5.17.0","name":"PrismaClientInitializationError"},"level":"error","message":" falha em pegar as publicações"}
{"error":{"clientVersion":"5.17.0","name":"PrismaClientInitializationError"},"level":"error","message":" falha em pegar as publicações"}
{"error":{"clientVersion":"5.17.0","name":"PrismaClientInitializationError"},"level":"error","message":" falha em pegar as publicações"}
{"error":{"clientVersion":"5.17.0","name":"PrismaClientInitializationError"},"level":"error","message":" falha em pegar as publicações"}
{"error":{"clientVersion":"5.17.0","name":"PrismaClientInitializationError"},"level":"error","message":" falha em pegar as publicações"}
{"error":{"clientVersion":"5.17.0","name":"PrismaClientInitializationError"},"level":"error","message":" falha em pegar as publicações"}
